<?xml version="1.0" encoding="UTF-8"?>
<!-- Generated by org.testng.reporters.JUnitXMLReporter -->
<testsuite ignored="0" hostname="Radhika" failures="0" tests="3" name="Test" time="32.999" errors="0" timestamp="2024-11-29T12:08:13 IST">
  <testcase classname="TestNg.runnerScript" name="run" time="6.021"/>
  <testcase classname="TestNg.runScript2$runnerScript" name="run" time="5.994"/>
  <testcase classname="TestNg.runScript2$runnerScript" name="run2" time="2.234"/>
</testsuite> <!-- Test -->
